<?xml version="1.0" encoding="UTF-8"?>
<!-- Generated by org.testng.reporters.JUnitReportReporter -->
<testsuite hostname="DESKTOP-LG2LKO2" failures="0" tests="1" name="misc.Handleauthenticatepopupusingrobot" time="3.339" errors="0" timestamp="2019-12-08T15:51:52 IST" skipped="0">
  <testcase classname="misc.Handleauthenticatepopupusingrobot" name="authenticate" time="3.339"/>
</testsuite> <!-- misc.Handleauthenticatepopupusingrobot -->
