<?xml version="1.0" encoding="UTF-8"?>
<!-- Generated by org.testng.reporters.JUnitReportReporter -->
<testsuite hostname="DESKTOP-LG2LKO2" failures="0" tests="1" name="misc.Handlingauthenticationpopups" time="16.954" errors="0" timestamp="2019-12-08T11:37:21 IST" skipped="0">
  <testcase classname="misc.Handlingauthenticationpopups" name="setup" time="16.954"/>
</testsuite> <!-- misc.Handlingauthenticationpopups -->
