<?xml version="1.0" encoding="UTF-8"?>
<!-- Generated by org.testng.reporters.JUnitReportReporter -->
<testsuite hostname="DESKTOP-LG2LKO2" failures="0" tests="4" name="loginusingdp.Login" time="64.935" errors="0" timestamp="2019-12-16T01:46:51 IST" skipped="0">
  <testcase classname="loginusingdp.Login" name="loginwithBothCorrect" time="15.951"/>
  <testcase classname="loginusingdp.Login" name="loginwithBothCorrect" time="18.657"/>
  <testcase classname="loginusingdp.Login" name="loginwithBothCorrect" time="14.390"/>
  <testcase classname="loginusingdp.Login" name="loginwithBothCorrect" time="15.937"/>
</testsuite> <!-- loginusingdp.Login -->
