<?xml version="1.0" encoding="UTF-8"?>
<!-- Generated by org.testng.reporters.JUnitReportReporter -->
<testsuite hostname="DESKTOP-LG2LKO2" failures="0" tests="6" name="Data.Datap" time="0.051" errors="0" timestamp="2019-11-21T12:54:22 IST" skipped="0">
  <testcase classname="Data.Datap" name="openConfirmationDialog" time="0.000"/>
  <testcase classname="Data.Datap" name="openConfirmationDialog" time="0.020"/>
  <testcase classname="Data.Datap" name="openConfirmationDialog" time="0.010"/>
  <testcase classname="Data.Datap" name="openFileDialog" time="0.000"/>
  <testcase classname="Data.Datap" name="uiGroupDependentTest" time="0.010"/>
  <testcase classname="Data.Datap" name="backendGroupDependentTest1" time="0.011"/>
</testsuite> <!-- Data.Datap -->
