<?xml version="1.0" encoding="UTF-8"?>
<!-- Generated by org.testng.reporters.JUnitReportReporter -->
<testsuite hostname="DESKTOP-LG2LKO2" failures="0" tests="4" name="Data.Dataproviderfromdifferentclass" time="0.020" errors="0" timestamp="2019-11-21T13:54:35 IST" skipped="0">
  <testcase classname="Data.Dataproviderfromdifferentclass" name="method1" time="0.000"/>
  <testcase classname="Data.Dataproviderfromdifferentclass" name="method2" time="0.005"/>
  <testcase classname="Data.Dataproviderfromdifferentclass" name="method1" time="0.005"/>
  <testcase classname="Data.Dataproviderfromdifferentclass" name="method1" time="0.010"/>
</testsuite> <!-- Data.Dataproviderfromdifferentclass -->
