<?xml version="1.0" encoding="UTF-8"?>
<!-- Generated by org.testng.reporters.JUnitReportReporter -->
<testsuite hostname="DESKTOP-LG2LKO2" failures="0" tests="5" name="practicetestNG.drivecar" time="0.023" errors="0" timestamp="2020-01-03T04:20:06 IST" skipped="0">
  <testcase classname="practicetestNG.drivecar" name="putforthGear" time="0.013"/>
  <testcase classname="practicetestNG.drivecar" name="startcar" time="0.002"/>
  <testcase classname="practicetestNG.drivecar" name="putfirstGear" time="0.003"/>
  <testcase classname="practicetestNG.drivecar" name="putsecondGear" time="0.004"/>
  <testcase classname="practicetestNG.drivecar" name="putthirdGear" time="0.001"/>
</testsuite> <!-- practicetestNG.drivecar -->
