<?xml version="1.0" encoding="UTF-8"?>
<!-- Generated by org.testng.reporters.JUnitReportReporter -->
<testsuite hostname="DESKTOP-LG2LKO2" failures="0" tests="3" name="Test.Loan2" time="0.031" errors="0" timestamp="2019-11-03T22:26:34 IST" skipped="0">
  <testcase classname="Test.Loan2" name="Homeloan3" time="0.015"/>
  <testcase classname="Test.Loan2" name="Homeloan2" time="0.000"/>
  <testcase classname="Test.Loan2" name="Homeloan1" time="0.016"/>
</testsuite> <!-- Test.Loan2 -->
