<?xml version="1.0" encoding="UTF-8"?>
<!-- Generated by org.testng.reporters.JUnitReportReporter -->
<testsuite hostname="DESKTOP-LG2LKO2" failures="0" tests="2" name="practice.paralleltest" time="18.807" errors="0" timestamp="2020-01-03T15:01:14 IST" skipped="0">
  <testcase classname="practice.paralleltest" name="opengoogle" time="9.898"/>
  <testcase classname="practice.paralleltest" name="openbing" time="8.909"/>
</testsuite> <!-- practice.paralleltest -->
