<?xml version="1.0" encoding="UTF-8"?>
<!-- Generated by org.testng.reporters.JUnitReportReporter -->
<testsuite hostname="DESKTOP-LG2LKO2" failures="0" tests="1" name="loginTC.Correctusername" time="15.173" errors="0" timestamp="2019-12-15T23:27:40 IST" skipped="0">
  <testcase classname="loginTC.Correctusername" name="loginwithCorrectUserName" time="15.173"/>
</testsuite> <!-- loginTC.Correctusername -->
