<?xml version="1.0" encoding="UTF-8"?>
<!-- Generated by org.testng.reporters.JUnitReportReporter -->
<testsuite hostname="DESKTOP-LG2LKO2" failures="0" tests="2" name="Test.Loan1" time="0.014" errors="0" timestamp="2019-11-10T13:01:40 IST" skipped="0">
  <testcase classname="Test.Loan1" name="Homeloan1personal" time="0.011"/>
  <testcase classname="Test.Loan1" name="personalloan3" time="0.003"/>
</testsuite> <!-- Test.Loan1 -->
