<?xml version="1.0" encoding="UTF-8"?>
<!-- Generated by org.testng.reporters.JUnitReportReporter -->
<testsuite hostname="DESKTOP-LG2LKO2" failures="0" tests="1" name="loginTC.Bothcorrect" time="16.531" errors="0" timestamp="2019-12-15T23:27:40 IST" skipped="0">
  <testcase classname="loginTC.Bothcorrect" name="loginwithBothCorrect" time="16.531"/>
</testsuite> <!-- loginTC.Bothcorrect -->
