<?xml version="1.0" encoding="UTF-8"?>
<!-- Generated by org.testng.reporters.JUnitReportReporter -->
<testsuite hostname="DESKTOP-LG2LKO2" failures="0" tests="1" name="Test2.Mobile" time="0.020" errors="0" timestamp="2019-11-21T14:17:06 IST" skipped="0">
  <testcase classname="Test2.Mobile" name="text" time="0.020"/>
</testsuite> <!-- Test2.Mobile -->
