<?xml version="1.0" encoding="UTF-8"?>
<!-- Generated by org.testng.reporters.JUnitReportReporter -->
<testsuite hostname="DESKTOP-LG2LKO2" failures="0" tests="1" name="Prop.Propclass" time="12.562" errors="0" timestamp="2019-11-17T12:12:02 IST" skipped="0">
  <testcase classname="Prop.Propclass" name="uiGroupDependentTest" time="12.562"/>
</testsuite> <!-- Prop.Propclass -->
