<?xml version="1.0" encoding="UTF-8"?>
<!-- Generated by org.testng.reporters.JUnitReportReporter -->
<testsuite hostname="DESKTOP-LG2LKO2" failures="0" tests="2" name="dqonloadfiles.Downloadfileusingautoit" time="24.431" errors="0" timestamp="2019-11-27T15:13:06 IST" skipped="0">
  <testcase classname="dqonloadfiles.Downloadfileusingautoit" name="Downloadfile" time="0.441"/>
  <testcase classname="dqonloadfiles.Downloadfileusingautoit" name="Browser" time="23.990"/>
</testsuite> <!-- dqonloadfiles.Downloadfileusingautoit -->
