<?xml version="1.0" encoding="UTF-8"?>
<!-- Generated by org.testng.reporters.JUnitReportReporter -->
<testsuite hostname="DESKTOP-LG2LKO2" failures="0" tests="8" name="Helper.Help" time="0.050" errors="0" timestamp="2019-11-10T13:11:36 IST" skipped="1">
  <testcase classname="Helper.Help" name="selectdate" time="0.002"/>
  <testcase classname="Helper.Help" name="acknowledge" time="0.015"/>
  <testcase classname="Helper.Help" name="selectdestination" time="0.002"/>
  <testcase classname="Helper.Help" name="selecttravels" time="0.011"/>
  <testcase classname="Helper.Help" name="launch" time="0.015"/>
  <testcase classname="Helper.Help" name="selectsource" time="0.002"/>
  <testcase classname="Helper.Help" name="confirmseat" time="0.003"/>
  <testcase classname="Helper.Help" name="payment">
    <skipped/>
  </testcase> <!-- payment -->
</testsuite> <!-- Helper.Help -->
