<?xml version="1.0" encoding="UTF-8"?>
<!-- Generated by org.testng.reporters.JUnitReportReporter -->
<testsuite hostname="DESKTOP-LG2LKO2" failures="0" tests="1" name="Test.Hello2" time="0.000" errors="0" timestamp="2019-11-03T22:26:34 IST" skipped="0">
  <testcase classname="Test.Hello2" name="sample3" time="0.000"/>
</testsuite> <!-- Test.Hello2 -->
