<?xml version="1.0" encoding="UTF-8"?>
<!-- Generated by org.testng.reporters.JUnitReportReporter -->
<testsuite hostname="DESKTOP-LG2LKO2" failures="0" tests="3" name="practice.createtestngsuite" time="34.826" errors="0" timestamp="2020-01-03T13:07:09 IST" skipped="0">
  <testcase classname="practice.createtestngsuite" name="openbing" time="1.175"/>
  <testcase classname="practice.createtestngsuite" name="openyahoo" time="31.215"/>
  <testcase classname="practice.createtestngsuite" name="opengoogle" time="2.436"/>
</testsuite> <!-- practice.createtestngsuite -->
