<?xml version="1.0" encoding="UTF-8"?>
<!-- Generated by org.testng.reporters.JUnitReportReporter -->
<testsuite hostname="DESKTOP-LG2LKO2" failures="0" tests="8" name="Helper.Para" time="0.038" errors="0" timestamp="2019-12-09T09:08:54 IST" skipped="0">
  <testcase classname="Helper.Para" name="backendGroupDependentTest1" time="0.004"/>
  <testcase classname="Helper.Para" name="openConfirmationDialog" time="0.002"/>
  <testcase classname="Helper.Para" name="accessAdminPage" time="0.020"/>
  <testcase classname="Helper.Para" name="accessHomePage" time="0.003"/>
  <testcase classname="Helper.Para" name="testDelete" time="0.001"/>
  <testcase classname="Helper.Para" name="uiGroupDependentTest" time="0.002"/>
  <testcase classname="Helper.Para" name="backendGroupDependentTest2" time="0.004"/>
  <testcase classname="Helper.Para" name="openFileDialog" time="0.002"/>
</testsuite> <!-- Helper.Para -->
