<?xml version="1.0" encoding="UTF-8"?>
<!-- Generated by org.testng.reporters.JUnitReportReporter -->
<testsuite hostname="DESKTOP-LG2LKO2" failures="0" tests="6" name="practicetestNG.skipatest" time="0.020" errors="0" timestamp="2020-01-03T04:29:08 IST" skipped="1">
  <testcase classname="practicetestNG.skipatest" name="startcar" time="0.010"/>
  <testcase classname="practicetestNG.skipatest" name="putfirstGear" time="0.000"/>
  <testcase classname="practicetestNG.skipatest" name="putsecondGear" time="0.005"/>
  <testcase classname="practicetestNG.skipatest" name="putthirdGear" time="0.005"/>
  <testcase classname="practicetestNG.skipatest" name="putforthGear" time="0.000"/>
  <testcase classname="practicetestNG.skipatest" name="turnonMusic">
    <skipped/>
  </testcase> <!-- turnonMusic -->
</testsuite> <!-- practicetestNG.skipatest -->
