<?xml version="1.0" encoding="UTF-8"?>
<!-- Generated by org.testng.reporters.JUnitReportReporter -->
<testsuite hostname="DESKTOP-LG2LKO2" failures="0" tests="1" name="Test.Hello" time="0.008" errors="0" timestamp="2019-11-10T13:01:40 IST" skipped="0">
  <testcase classname="Test.Hello" name="sampletest" time="0.008"/>
</testsuite> <!-- Test.Hello -->
