<?xml version="1.0" encoding="UTF-8"?>
<!-- Generated by org.testng.reporters.JUnitReportReporter -->
<testsuite hostname="DESKTOP-LG2LKO2" failures="0" tests="1" name="Test2.TV" time="0.000" errors="0" timestamp="2019-11-21T14:17:06 IST" skipped="0">
  <testcase classname="Test2.TV" name="star" time="0.000"/>
</testsuite> <!-- Test2.TV -->
