<?xml version="1.0" encoding="UTF-8"?>
<!-- Generated by org.testng.reporters.JUnitReportReporter -->
<testsuite hostname="DESKTOP-LG2LKO2" failures="0" tests="2" name="Academy.homepage" time="76.588" errors="0" timestamp="18 Jan 2020 03:47:20 GMT" skipped="0">
  <testcase classname="Academy.homepage" name="pageNavigation" time="40.742"/>
  <testcase classname="Academy.homepage" name="pageNavigation" time="35.846"/>
</testsuite> <!-- Academy.homepage -->
