<?xml version="1.0" encoding="UTF-8"?>
<!-- Generated by org.testng.reporters.JUnitReportReporter -->
<testsuite hostname="DESKTOP-LG2LKO2" failures="0" tests="1" name="Academy.verifynavigationbar" time="0.100" errors="0" timestamp="18 Jan 2020 03:47:20 GMT" skipped="0">
  <testcase classname="Academy.verifynavigationbar" name="verifynavigation" time="0.100"/>
</testsuite> <!-- Academy.verifynavigationbar -->
