<?xml version="1.0" encoding="UTF-8"?>
<!-- Generated by org.testng.reporters.JUnitReportReporter -->
<testsuite hostname="DESKTOP-LG2LKO2" failures="0" tests="1" name="demohrmtc.hrmlogintc" time="20.025" errors="0" timestamp="24 Dec 2019 08:05:29 GMT" skipped="0">
  <testcase classname="demohrmtc.hrmlogintc" name="login" time="20.025"/>
</testsuite> <!-- demohrmtc.hrmlogintc -->
