<?xml version="1.0" encoding="UTF-8"?>
<!-- Generated by org.testng.reporters.JUnitReportReporter -->
<testsuite hostname="DESKTOP-LG2LKO2" failures="0" tests="1" name="seleniumwebdriverpracticeTC.Demosite" time="35.393" errors="0" timestamp="13 Feb 2020 17:19:41 GMT" skipped="0">
  <testcase classname="seleniumwebdriverpracticeTC.Demosite" name="Automatedemosite" time="35.393"/>
</testsuite> <!-- seleniumwebdriverpracticeTC.Demosite -->
