<?xml version="1.0" encoding="UTF-8"?>
<!-- Generated by org.testng.reporters.JUnitReportReporter -->
<testsuite hostname="DESKTOP-LG2LKO2" failures="0" tests="1" name="testcaseforphp.phpregister" time="20.913" errors="0" timestamp="23 Dec 2019 23:07:58 GMT" skipped="0">
  <testcase classname="testcaseforphp.phpregister" name="register" time="20.913"/>
</testsuite> <!-- testcaseforphp.phpregister -->
