<?xml version="1.0" encoding="UTF-8"?>
<!-- Generated by org.testng.reporters.JUnitReportReporter -->
<testsuite hostname="DESKTOP-LG2LKO2" failures="0" tests="1" name="testcaseforphp.phplogin" time="32.386" errors="0" timestamp="23 Dec 2019 07:33:29 GMT" skipped="0">
  <testcase classname="testcaseforphp.phplogin" name="login" time="32.386"/>
</testsuite> <!-- testcaseforphp.phplogin -->
