<?xml version="1.0" encoding="UTF-8"?>
<!-- Generated by org.testng.reporters.JUnitReportReporter -->
<testsuite hostname="DESKTOP-LG2LKO2" failures="0" tests="1" name="seleniumwebdriverpracticeTC.usingpagefactoryTC" time="12.177" errors="0" timestamp="13 Feb 2020 19:22:50 GMT" skipped="0">
  <testcase classname="seleniumwebdriverpracticeTC.usingpagefactoryTC" name="usingpagefactory" time="12.177"/>
</testsuite> <!-- seleniumwebdriverpracticeTC.usingpagefactoryTC -->
