<?xml version="1.0" encoding="UTF-8"?>
<!-- Generated by org.testng.reporters.JUnitReportReporter -->
<testsuite hostname="DESKTOP-LG2LKO2" failures="0" tests="1" name="pageobjectTC.logintc" time="24.497" errors="0" timestamp="22 Dec 2019 18:28:15 GMT" skipped="0">
  <testcase classname="pageobjectTC.logintc" name="login" time="24.497"/>
</testsuite> <!-- pageobjectTC.logintc -->
