<?xml version="1.0" encoding="UTF-8"?>
<!-- Generated by org.testng.reporters.JUnitReportReporter -->
<testsuite hostname="DESKTOP-LG2LKO2" failures="0" tests="1" name="seleniumwebdriverpracticeTC.withoutpagefactoryTC" time="18.761" errors="0" timestamp="13 Feb 2020 20:21:21 GMT" skipped="0">
  <testcase classname="seleniumwebdriverpracticeTC.withoutpagefactoryTC" name="withoutpagefactory" time="18.761"/>
</testsuite> <!-- seleniumwebdriverpracticeTC.withoutpagefactoryTC -->
