<?xml version="1.0" encoding="UTF-8"?>
<!-- Generated by org.testng.reporters.JUnitReportReporter -->
<testsuite hostname="DESKTOP-LG2LKO2" failures="0" tests="2" name="prioty.checkpriority" time="0.017" errors="0" timestamp="2020-01-25T17:21:25 IST" skipped="0">
  <testcase classname="prioty.checkpriority" name="method1" time="0.014"/>
  <testcase classname="prioty.checkpriority" name="method2" time="0.003"/>
</testsuite> <!-- prioty.checkpriority -->
