<?xml version="1.0" encoding="UTF-8"?>
<!-- Generated by org.testng.reporters.JUnitReportReporter -->
<testsuite hostname="DESKTOP-LG2LKO2" failures="0" tests="1" name="depends.dependson1" time="0.015" errors="0" timestamp="2020-01-19T16:37:57 IST" skipped="0">
  <testcase classname="depends.dependson1" name="a" time="0.015"/>
</testsuite> <!-- depends.dependson1 -->
