<?xml version="1.0" encoding="UTF-8"?>
<!-- Generated by org.testng.reporters.JUnitReportReporter -->
<testsuite hostname="DESKTOP-LG2LKO2" failures="0" tests="4" name="grouping.groupingcl" time="0.019" errors="0" timestamp="2020-01-19T23:04:24 IST" skipped="0">
  <testcase classname="grouping.groupingcl" name="vivo1" time="0.002"/>
  <testcase classname="grouping.groupingcl" name="vivo2" time="0.003"/>
  <testcase classname="grouping.groupingcl" name="oppo2" time="0.002"/>
  <testcase classname="grouping.groupingcl" name="oppo1" time="0.012"/>
</testsuite> <!-- grouping.groupingcl -->
