<?xml version="1.0" encoding="UTF-8"?>
<!-- Generated by org.testng.reporters.JUnitReportReporter -->
<testsuite hostname="DESKTOP-LG2LKO2" failures="0" tests="1" name="param.parameterssample" time="0.014" errors="0" timestamp="2020-01-19T23:43:23 IST" skipped="0">
  <testcase classname="param.parameterssample" name="para" time="0.014"/>
</testsuite> <!-- param.parameterssample -->
