<?xml version="1.0" encoding="UTF-8"?>
<!-- Generated by org.testng.reporters.JUnitReportReporter -->
<testsuite hostname="DESKTOP-LG2LKO2" failures="0" tests="2" name="dependson2.dependson2" time="0.010" errors="0" timestamp="2020-01-19T16:37:57 IST" skipped="0">
  <testcase classname="dependson2.dependson2" name="b" time="0.005"/>
  <testcase classname="dependson2.dependson2" name="a" time="0.005"/>
</testsuite> <!-- dependson2.dependson2 -->
