<?xml version="1.0" encoding="UTF-8"?>
<!-- Generated by org.testng.reporters.JUnitReportReporter -->
<testsuite hostname="DESKTOP-LG2LKO2" failures="0" tests="2" name="grouping.grouping" time="0.010" errors="0" timestamp="2020-01-19T21:56:27 IST" skipped="0">
  <testcase classname="grouping.grouping" name="oppo2" time="0.000"/>
  <testcase classname="grouping.grouping" name="oppo1" time="0.010"/>
</testsuite> <!-- grouping.grouping -->
