<?xml version="1.0" encoding="UTF-8"?>
<!-- Generated by org.testng.reporters.JUnitReportReporter -->
<testsuite hostname="DESKTOP-LG2LKO2" failures="0" tests="1" name="simpleexcelread.standaloneapp" time="0.771" errors="0" timestamp="16 Apr 2020 14:03:23 GMT" skipped="0">
  <testcase classname="simpleexcelread.standaloneapp" name="readdata" time="0.771"/>
</testsuite> <!-- simpleexcelread.standaloneapp -->
