<?xml version="1.0" encoding="UTF-8"?>
<!-- Generated by org.testng.reporters.JUnitReportReporter -->
<testsuite hostname="DESKTOP-LG2LKO2" failures="0" tests="3" name="Exceldatadriven.Excelread" time="0.015" errors="0" timestamp="06 Mar 2020 05:29:34 GMT" skipped="0">
  <testcase classname="Exceldatadriven.Excelread" name="filldata" time="0.005"/>
  <testcase classname="Exceldatadriven.Excelread" name="filldata" time="0.000"/>
  <testcase classname="Exceldatadriven.Excelread" name="filldata" time="0.010"/>
</testsuite> <!-- Exceldatadriven.Excelread -->
