<?xml version="1.0" encoding="UTF-8"?>
<!-- Generated by org.testng.reporters.JUnitReportReporter -->
<testsuite hostname="DESKTOP-LG2LKO2" failures="0" tests="3" name="practice.ExcelDataprovider" time="42.021" errors="0" timestamp="03 Mar 2020 11:18:51 GMT" skipped="0">
  <testcase classname="practice.ExcelDataprovider" name="test1" time="15.050"/>
  <testcase classname="practice.ExcelDataprovider" name="test1" time="13.636"/>
  <testcase classname="practice.ExcelDataprovider" name="test1" time="13.335"/>
</testsuite> <!-- practice.ExcelDataprovider -->
