<?xml version="1.0" encoding="UTF-8"?>
<!-- Generated by org.testng.reporters.JUnitReportReporter -->
<testsuite hostname="DESKTOP-LG2LKO2" failures="0" tests="4" name="excelusingdataproviders.logintest" time="0.026" errors="0" timestamp="16 Jan 2020 20:41:13 GMT" skipped="0">
  <testcase classname="excelusingdataproviders.logintest" name="fillform" time="0.002"/>
  <testcase classname="excelusingdataproviders.logintest" name="fillform" time="0.012"/>
  <testcase classname="excelusingdataproviders.logintest" name="fillform" time="0.004"/>
  <testcase classname="excelusingdataproviders.logintest" name="fillform" time="0.008"/>
</testsuite> <!-- excelusingdataproviders.logintest -->
