<?xml version="1.0" encoding="UTF-8"?>
<!-- Generated by org.testng.reporters.JUnitReportReporter -->
<testsuite hostname="DESKTOP-LG2LKO2" failures="0" tests="4" name="simpleexcelread.readdata" time="213.534" errors="0" timestamp="17 Apr 2020 15:10:41 GMT" skipped="0">
  <testcase classname="simpleexcelread.readdata" name="login" time="44.858"/>
  <testcase classname="simpleexcelread.readdata" name="login" time="50.458"/>
  <testcase classname="simpleexcelread.readdata" name="login" time="73.135"/>
  <testcase classname="simpleexcelread.readdata" name="login" time="45.083"/>
</testsuite> <!-- simpleexcelread.readdata -->
