<?xml version="1.0" encoding="UTF-8"?>
<!-- Generated by org.testng.reporters.JUnitReportReporter -->
<testsuite hostname="DESKTOP-LG2LKO2" failures="0" tests="4" name="excelusingdataproviders.readdatforselenium" time="38.221" errors="0" timestamp="17 Jan 2020 03:15:06 GMT" skipped="0">
  <testcase classname="excelusingdataproviders.readdatforselenium" name="fillform" time="9.279"/>
  <testcase classname="excelusingdataproviders.readdatforselenium" name="fillform" time="9.638"/>
  <testcase classname="excelusingdataproviders.readdatforselenium" name="fillform" time="9.736"/>
  <testcase classname="excelusingdataproviders.readdatforselenium" name="fillform" time="9.568"/>
</testsuite> <!-- excelusingdataproviders.readdatforselenium -->
