<?xml version="1.0" encoding="UTF-8"?>
<!-- Generated by org.testng.reporters.JUnitReportReporter -->
<testsuite hostname="DESKTOP-LG2LKO2" failures="0" tests="1" name="simpleexcelread.usingapachepoiapi" time="0.000" errors="0" timestamp="16 Apr 2020 02:52:37 GMT" skipped="1">
  <testcase classname="simpleexcelread.usingapachepoiapi" name="logintestcase" time="0.000">
    <skipped/>
  </testcase> <!-- logintestcase -->
</testsuite> <!-- simpleexcelread.usingapachepoiapi -->
